<?xml version="1.0" encoding="UTF-8"?>
<!-- Generated by org.testng.reporters.JUnitXMLReporter -->
<testsuite ignored="1" hostname="LAPTOP-FGJDLQVF" failures="1" tests="1" name="Default test(failed)" time="6.45" errors="0" timestamp="2024-11-30T11:33:47 IST">
  <testcase classname="TestNGdemo.POM.TestPage" name="testsignup" time="2.824">
    <failure type="java.lang.AssertionError" message="Values are not equal expected [20] but found [10]">
      <![CDATA[java.lang.AssertionError: Values are not equal expected [20] but found [10]
at TestNGdemo.POM.TestPage.testsignup(TestPage.java:45)
at java.base/java.util.ArrayList.forEach(ArrayList.java:1597)
... Removed 30 stack frames]]>
    </failure>
  </testcase> <!-- testsignup -->
  <testcase classname="TestNGdemo.POM.TestPage" name="testlogin" time="0.0">
    <ignored/>
  </testcase> <!-- testlogin -->
</testsuite> <!-- Default test(failed) -->
